<?xml version="1.0" encoding="UTF-8"?>
<coverage generated="1650469172806" clover="3.2.0">
  <project timestamp="1650469172806" name="All files">
    <metrics statements="152" coveredstatements="130" conditionals="85" coveredconditionals="64" methods="18" coveredmethods="14" elements="255" coveredelements="208" complexity="0" loc="152" ncloc="152" packages="1" files="9" classes="9"/>
    <file name="UrlGetRequest.ts" path="C:\Users\10177\Desktop\自建工具库\wink-utils\src\UrlGetRequest.ts">
      <metrics statements="11" coveredstatements="9" conditionals="4" coveredconditionals="3" methods="2" coveredmethods="1"/>
      <line num="10" count="5" type="stmt"/>
      <line num="11" count="3" type="stmt"/>
      <line num="14" count="3" type="cond" truecount="2" falsecount="1"/>
      <line num="15" count="0" type="stmt"/>
      <line num="16" count="0" type="stmt"/>
      <line num="19" count="3" type="stmt"/>
      <line num="20" count="3" type="stmt"/>
      <line num="21" count="5" type="stmt"/>
      <line num="22" count="5" type="cond" truecount="1" falsecount="0"/>
      <line num="24" count="1" type="stmt"/>
      <line num="26" count="5" type="stmt"/>
    </file>
    <file name="changefilesize.ts" path="C:\Users\10177\Desktop\自建工具库\wink-utils\src\changefilesize.ts">
      <metrics statements="16" coveredstatements="15" conditionals="7" coveredconditionals="7" methods="1" coveredmethods="1"/>
      <line num="8" count="5" type="stmt"/>
      <line num="9" count="4" type="stmt"/>
      <line num="10" count="4" type="cond" truecount="2" falsecount="0"/>
      <line num="12" count="1" type="stmt"/>
      <line num="13" count="3" type="cond" truecount="2" falsecount="0"/>
      <line num="15" count="1" type="stmt"/>
      <line num="16" count="2" type="cond" truecount="2" falsecount="0"/>
      <line num="18" count="1" type="stmt"/>
      <line num="21" count="1" type="stmt"/>
      <line num="24" count="4" type="stmt"/>
      <line num="25" count="4" type="stmt"/>
      <line num="26" count="4" type="stmt"/>
      <line num="27" count="4" type="cond" truecount="1" falsecount="0"/>
      <line num="29" count="4" type="stmt"/>
      <line num="31" count="0" type="stmt"/>
      <line num="33" count="5" type="stmt"/>
    </file>
    <file name="cloneDeep.ts" path="C:\Users\10177\Desktop\自建工具库\wink-utils\src\cloneDeep.ts">
      <metrics statements="12" coveredstatements="10" conditionals="6" coveredconditionals="2" methods="1" coveredmethods="1"/>
      <line num="7" count="5" type="stmt"/>
      <line num="9" count="10" type="cond" truecount="1" falsecount="0"/>
      <line num="10" count="8" type="cond" truecount="0" falsecount="1"/>
      <line num="12" count="8" type="cond" truecount="0" falsecount="1"/>
      <line num="14" count="8" type="cond" truecount="0" falsecount="1"/>
      <line num="16" count="8" type="cond" truecount="1" falsecount="0"/>
      <line num="21" count="2" type="stmt"/>
      <line num="22" count="2" type="stmt"/>
      <line num="23" count="0" type="cond" truecount="0" falsecount="1"/>
      <line num="25" count="0" type="stmt"/>
      <line num="28" count="2" type="stmt"/>
      <line num="30" count="5" type="stmt"/>
    </file>
    <file name="debounce.ts" path="C:\Users\10177\Desktop\自建工具库\wink-utils\src\debounce.ts">
      <metrics statements="67" coveredstatements="60" conditionals="32" coveredconditionals="25" methods="10" coveredmethods="8"/>
      <line num="3" count="5" type="stmt"/>
      <line num="5" count="5" type="stmt"/>
      <line num="6" count="5" type="stmt"/>
      <line num="43" count="5" type="stmt"/>
      <line num="44" count="5" type="stmt"/>
      <line num="46" count="14" type="cond" truecount="0" falsecount="1"/>
      <line num="47" count="18" type="cond" truecount="1" falsecount="0"/>
      <line num="55" count="14" type="stmt"/>
      <line num="56" count="14" type="stmt"/>
      <line num="57" count="14" type="stmt"/>
      <line num="58" count="14" type="stmt"/>
      <line num="60" count="14" type="cond" truecount="0" falsecount="1"/>
      <line num="61" count="0" type="stmt"/>
      <line num="63" count="14" type="cond" truecount="2" falsecount="0"/>
      <line num="64" count="14" type="cond" truecount="1" falsecount="0"/>
      <line num="65" count="14" type="stmt"/>
      <line num="66" count="14" type="stmt"/>
      <line num="67" count="14" type="cond" truecount="3" falsecount="1"/>
      <line num="68" count="14" type="cond" truecount="2" falsecount="0"/>
      <line num="73" count="24" type="stmt"/>
      <line num="74" count="24" type="stmt"/>
      <line num="76" count="24" type="stmt"/>
      <line num="77" count="24" type="stmt"/>
      <line num="78" count="24" type="stmt"/>
      <line num="79" count="24" type="stmt"/>
      <line num="84" count="21" type="stmt"/>
      <line num="85" count="21" type="stmt"/>
      <line num="86" count="21" type="cond" truecount="2" falsecount="0"/>
      <line num="91" count="6" type="stmt"/>
      <line num="92" count="6" type="stmt"/>
      <line num="93" count="6" type="stmt"/>
      <line num="95" count="6" type="cond" truecount="2" falsecount="0"/>
      <line num="100" count="241711" type="stmt"/>
      <line num="101" count="241711" type="stmt"/>
      <line num="103" count="241711" type="stmt"/>
      <line num="113" count="30" type="stmt"/>
      <line num="114" count="30" type="cond" truecount="1" falsecount="0"/>
      <line num="116" count="24" type="stmt"/>
      <line num="118" count="6" type="stmt"/>
      <line num="123" count="24" type="stmt"/>
      <line num="127" count="24" type="cond" truecount="3" falsecount="0"/>
      <line num="129" count="16" type="stmt"/>
      <line num="131" count="8" type="stmt"/>
      <line num="132" count="8" type="stmt"/>
      <line num="137" count="0" type="cond" truecount="0" falsecount="1"/>
      <line num="138" count="0" type="stmt"/>
      <line num="140" count="0" type="stmt"/>
      <line num="141" count="0" type="stmt"/>
      <line num="146" count="0" type="cond" truecount="0" falsecount="2"/>
      <line num="150" count="241681" type="stmt"/>
      <line num="151" count="241681" type="stmt"/>
      <line num="153" count="241681" type="stmt"/>
      <line num="154" count="241681" type="stmt"/>
      <line num="155" count="241681" type="stmt"/>
      <line num="157" count="241681" type="cond" truecount="1" falsecount="0"/>
      <line num="158" count="25" type="cond" truecount="1" falsecount="0"/>
      <line num="160" count="21" type="stmt"/>
      <line num="162" count="4" type="cond" truecount="1" falsecount="0"/>
      <line num="164" count="3" type="stmt"/>
      <line num="165" count="3" type="stmt"/>
      <line num="168" count="241657" type="cond" truecount="0" falsecount="1"/>
      <line num="170" count="0" type="stmt"/>
      <line num="172" count="241657" type="stmt"/>
      <line num="174" count="14" type="stmt"/>
      <line num="175" count="14" type="stmt"/>
      <line num="176" count="14" type="stmt"/>
      <line num="178" count="5" type="stmt"/>
    </file>
    <file name="formatnumber.ts" path="C:\Users\10177\Desktop\自建工具库\wink-utils\src\formatnumber.ts">
      <metrics statements="18" coveredstatements="17" conditionals="26" coveredconditionals="25" methods="1" coveredmethods="1"/>
      <line num="8" count="5" type="stmt"/>
      <line num="9" count="9" type="stmt"/>
      <line num="10" count="9" type="cond" truecount="1" falsecount="1"/>
      <line num="11" count="0" type="stmt"/>
      <line num="15" count="9" type="cond" truecount="4" falsecount="0"/>
      <line num="16" count="1" type="stmt"/>
      <line num="20" count="8" type="cond" truecount="4" falsecount="0"/>
      <line num="22" count="1" type="stmt"/>
      <line num="26" count="7" type="cond" truecount="4" falsecount="0"/>
      <line num="28" count="2" type="stmt"/>
      <line num="32" count="5" type="cond" truecount="4" falsecount="0"/>
      <line num="34" count="1" type="stmt"/>
      <line num="38" count="4" type="cond" truecount="4" falsecount="0"/>
      <line num="40" count="1" type="stmt"/>
      <line num="44" count="3" type="cond" truecount="4" falsecount="0"/>
      <line num="46" count="2" type="stmt"/>
      <line num="62" count="1" type="stmt"/>
      <line num="67" count="5" type="stmt"/>
    </file>
    <file name="index.ts" path="C:\Users\10177\Desktop\自建工具库\wink-utils\src\index.ts">
      <metrics statements="7" coveredstatements="7" conditionals="0" coveredconditionals="0" methods="0" coveredmethods="0"/>
      <line num="15" count="5" type="stmt"/>
      <line num="16" count="5" type="stmt"/>
      <line num="17" count="5" type="stmt"/>
      <line num="18" count="5" type="stmt"/>
      <line num="19" count="5" type="stmt"/>
      <line num="20" count="5" type="stmt"/>
      <line num="21" count="5" type="stmt"/>
    </file>
    <file name="isObject.ts" path="C:\Users\10177\Desktop\自建工具库\wink-utils\src\isObject.ts">
      <metrics statements="4" coveredstatements="4" conditionals="3" coveredconditionals="2" methods="1" coveredmethods="1"/>
      <line num="8" count="5" type="stmt"/>
      <line num="9" count="14" type="stmt"/>
      <line num="10" count="14" type="cond" truecount="2" falsecount="1"/>
      <line num="12" count="5" type="stmt"/>
    </file>
    <file name="main.ts" path="C:\Users\10177\Desktop\自建工具库\wink-utils\src\main.ts">
      <metrics statements="3" coveredstatements="3" conditionals="0" coveredconditionals="0" methods="1" coveredmethods="1"/>
      <line num="5" count="1" type="stmt"/>
      <line num="6" count="1" type="stmt"/>
      <line num="9" count="1" type="stmt"/>
    </file>
    <file name="throttle.ts" path="C:\Users\10177\Desktop\自建工具库\wink-utils\src\throttle.ts">
      <metrics statements="14" coveredstatements="5" conditionals="7" coveredconditionals="0" methods="1" coveredmethods="0"/>
      <line num="1" count="5" type="stmt"/>
      <line num="2" count="5" type="stmt"/>
      <line num="16" count="5" type="stmt"/>
      <line num="17" count="5" type="stmt"/>
      <line num="20" count="0" type="cond" truecount="0" falsecount="1"/>
      <line num="22" count="0" type="stmt"/>
      <line num="23" count="0" type="stmt"/>
      <line num="25" count="0" type="cond" truecount="0" falsecount="1"/>
      <line num="26" count="0" type="stmt"/>
      <line num="28" count="0" type="cond" truecount="0" falsecount="1"/>
      <line num="29" count="0" type="cond" truecount="0" falsecount="2"/>
      <line num="30" count="0" type="cond" truecount="0" falsecount="2"/>
      <line num="32" count="0" type="stmt"/>
      <line num="38" count="5" type="stmt"/>
    </file>
  </project>
</coverage>
