{"C:\\Users\\t_winkjqzhang\\Desktop\\sings-utils\\src\\UrlGetRequest.ts": {"path":"C:\\Users\\t_winkjqzhang\\Desktop\\sings-utils\\src\\UrlGetRequest.ts","statementMap":{"0":{"start":{"line":17,"column":22},"end":{"line":17,"column":40}},"1":{"start":{"line":20,"column":2},"end":{"line":24,"column":null}},"2":{"start":{"line":21,"column":4},"end":{"line":23,"column":7}},"3":{"start":{"line":22,"column":6},"end":{"line":22,"column":21}},"4":{"start":{"line":25,"column":25},"end":{"line":25,"column":41}},"5":{"start":{"line":26,"column":2},"end":{"line":29,"column":null}},"6":{"start":{"line":26,"column":15},"end":{"line":26,"column":16}},"7":{"start":{"line":27,"column":27},"end":{"line":27,"column":45}},"8":{"start":{"line":28,"column":4},"end":{"line":28,"column":45}},"9":{"start":{"line":28,"column":30},"end":{"line":28,"column":45}},"10":{"start":{"line":30,"column":2},"end":{"line":30,"column":15}},"11":{"start":{"line":16,"column":0},"end":{"line":16,"column":24}}},"fnMap":{"0":{"name":"UrlGetRequest","decl":{"start":{"line":16,"column":24},"end":{"line":16,"column":37}},"loc":{"start":{"line":16,"column":67},"end":{"line":31,"column":1}}},"1":{"name":"(anonymous_1)","decl":{"start":{"line":21,"column":37},"end":{"line":21,"column":47}},"loc":{"start":{"line":21,"column":48},"end":{"line":23,"column":5}}}},"branchMap":{"0":{"loc":{"start":{"line":20,"column":2},"end":{"line":24,"column":null}},"type":"if","locations":[{"start":{"line":20,"column":2},"end":{"line":24,"column":null}}]},"1":{"loc":{"start":{"line":20,"column":6},"end":{"line":20,"column":67}},"type":"binary-expr","locations":[{"start":{"line":20,"column":6},"end":{"line":20,"column":35}},{"start":{"line":20,"column":39},"end":{"line":20,"column":67}}]},"2":{"loc":{"start":{"line":28,"column":4},"end":{"line":28,"column":45}},"type":"if","locations":[{"start":{"line":28,"column":4},"end":{"line":28,"column":45}}]}},"s":{"0":3,"1":3,"2":0,"3":0,"4":3,"5":3,"6":3,"7":5,"8":5,"9":2,"10":1,"11":1},"f":{"0":3,"1":0},"b":{"0":[0],"1":[3,3],"2":[2]}}
,"C:\\Users\\t_winkjqzhang\\Desktop\\sings-utils\\src\\changefilesize.ts": {"path":"C:\\Users\\t_winkjqzhang\\Desktop\\sings-utils\\src\\changefilesize.ts","statementMap":{"0":{"start":{"line":13,"column":21},"end":{"line":13,"column":23}},"1":{"start":{"line":14,"column":2},"end":{"line":26,"column":null}},"2":{"start":{"line":16,"column":4},"end":{"line":16,"column":34}},"3":{"start":{"line":17,"column":9},"end":{"line":26,"column":null}},"4":{"start":{"line":19,"column":4},"end":{"line":19,"column":44}},"5":{"start":{"line":20,"column":9},"end":{"line":26,"column":null}},"6":{"start":{"line":22,"column":4},"end":{"line":22,"column":53}},"7":{"start":{"line":25,"column":4},"end":{"line":25,"column":60}},"8":{"start":{"line":28,"column":24},"end":{"line":28,"column":33}},"9":{"start":{"line":29,"column":22},"end":{"line":29,"column":42}},"10":{"start":{"line":30,"column":20},"end":{"line":30,"column":49}},"11":{"start":{"line":31,"column":2},"end":{"line":34,"column":null}},"12":{"start":{"line":33,"column":4},"end":{"line":33,"column":70}},"13":{"start":{"line":35,"column":2},"end":{"line":35,"column":14}},"14":{"start":{"line":12,"column":0},"end":{"line":12,"column":24}}},"fnMap":{"0":{"name":"changefilesize","decl":{"start":{"line":12,"column":24},"end":{"line":12,"column":38}},"loc":{"start":{"line":12,"column":52},"end":{"line":36,"column":1}}}},"branchMap":{"0":{"loc":{"start":{"line":14,"column":2},"end":{"line":26,"column":null}},"type":"if","locations":[{"start":{"line":14,"column":2},"end":{"line":26,"column":null}},{"start":{"line":17,"column":9},"end":{"line":26,"column":null}}]},"1":{"loc":{"start":{"line":17,"column":9},"end":{"line":26,"column":null}},"type":"if","locations":[{"start":{"line":17,"column":9},"end":{"line":26,"column":null}},{"start":{"line":20,"column":9},"end":{"line":26,"column":null}}]},"2":{"loc":{"start":{"line":20,"column":9},"end":{"line":26,"column":null}},"type":"if","locations":[{"start":{"line":20,"column":9},"end":{"line":26,"column":null}},{"start":{"line":23,"column":9},"end":{"line":26,"column":null}}]},"3":{"loc":{"start":{"line":31,"column":2},"end":{"line":34,"column":null}},"type":"if","locations":[{"start":{"line":31,"column":2},"end":{"line":34,"column":null}}]}},"s":{"0":4,"1":4,"2":1,"3":3,"4":1,"5":2,"6":1,"7":1,"8":4,"9":4,"10":4,"11":4,"12":4,"13":0,"14":1},"f":{"0":4},"b":{"0":[1,3],"1":[1,2],"2":[1,1],"3":[4]}}
,"C:\\Users\\t_winkjqzhang\\Desktop\\sings-utils\\src\\formatnumber.ts": {"path":"C:\\Users\\t_winkjqzhang\\Desktop\\sings-utils\\src\\formatnumber.ts","statementMap":{"0":{"start":{"line":14,"column":2},"end":{"line":14,"column":20}},"1":{"start":{"line":15,"column":2},"end":{"line":47,"column":null}},"2":{"start":{"line":16,"column":4},"end":{"line":16,"column":26}},"3":{"start":{"line":17,"column":9},"end":{"line":47,"column":null}},"4":{"start":{"line":18,"column":4},"end":{"line":18,"column":26}},"5":{"start":{"line":19,"column":9},"end":{"line":47,"column":null}},"6":{"start":{"line":21,"column":4},"end":{"line":21,"column":35}},"7":{"start":{"line":22,"column":9},"end":{"line":47,"column":null}},"8":{"start":{"line":24,"column":4},"end":{"line":24,"column":36}},"9":{"start":{"line":25,"column":9},"end":{"line":47,"column":null}},"10":{"start":{"line":27,"column":4},"end":{"line":27,"column":38}},"11":{"start":{"line":28,"column":9},"end":{"line":47,"column":null}},"12":{"start":{"line":30,"column":4},"end":{"line":30,"column":39}},"13":{"start":{"line":31,"column":9},"end":{"line":47,"column":null}},"14":{"start":{"line":33,"column":4},"end":{"line":33,"column":40}},"15":{"start":{"line":46,"column":4},"end":{"line":46,"column":40}},"16":{"start":{"line":49,"column":0},"end":{"line":49,"column":28}}},"fnMap":{"0":{"name":"formatNumber","decl":{"start":{"line":13,"column":9},"end":{"line":13,"column":21}},"loc":{"start":{"line":13,"column":33},"end":{"line":48,"column":1}}}},"branchMap":{"0":{"loc":{"start":{"line":15,"column":2},"end":{"line":47,"column":null}},"type":"if","locations":[{"start":{"line":15,"column":2},"end":{"line":47,"column":null}},{"start":{"line":17,"column":9},"end":{"line":47,"column":null}}]},"1":{"loc":{"start":{"line":17,"column":9},"end":{"line":47,"column":null}},"type":"if","locations":[{"start":{"line":17,"column":9},"end":{"line":47,"column":null}},{"start":{"line":19,"column":9},"end":{"line":47,"column":null}}]},"2":{"loc":{"start":{"line":17,"column":13},"end":{"line":17,"column":34}},"type":"binary-expr","locations":[{"start":{"line":17,"column":13},"end":{"line":17,"column":20}},{"start":{"line":17,"column":24},"end":{"line":17,"column":34}}]},"3":{"loc":{"start":{"line":19,"column":9},"end":{"line":47,"column":null}},"type":"if","locations":[{"start":{"line":19,"column":9},"end":{"line":47,"column":null}},{"start":{"line":22,"column":9},"end":{"line":47,"column":null}}]},"4":{"loc":{"start":{"line":19,"column":13},"end":{"line":19,"column":38}},"type":"binary-expr","locations":[{"start":{"line":19,"column":13},"end":{"line":19,"column":23}},{"start":{"line":19,"column":27},"end":{"line":19,"column":38}}]},"5":{"loc":{"start":{"line":22,"column":9},"end":{"line":47,"column":null}},"type":"if","locations":[{"start":{"line":22,"column":9},"end":{"line":47,"column":null}},{"start":{"line":25,"column":9},"end":{"line":47,"column":null}}]},"6":{"loc":{"start":{"line":22,"column":13},"end":{"line":22,"column":41}},"type":"binary-expr","locations":[{"start":{"line":22,"column":13},"end":{"line":22,"column":24}},{"start":{"line":22,"column":28},"end":{"line":22,"column":41}}]},"7":{"loc":{"start":{"line":25,"column":9},"end":{"line":47,"column":null}},"type":"if","locations":[{"start":{"line":25,"column":9},"end":{"line":47,"column":null}},{"start":{"line":28,"column":9},"end":{"line":47,"column":null}}]},"8":{"loc":{"start":{"line":25,"column":13},"end":{"line":25,"column":44}},"type":"binary-expr","locations":[{"start":{"line":25,"column":13},"end":{"line":25,"column":26}},{"start":{"line":25,"column":30},"end":{"line":25,"column":44}}]},"9":{"loc":{"start":{"line":28,"column":9},"end":{"line":47,"column":null}},"type":"if","locations":[{"start":{"line":28,"column":9},"end":{"line":47,"column":null}},{"start":{"line":31,"column":9},"end":{"line":47,"column":null}}]},"10":{"loc":{"start":{"line":28,"column":13},"end":{"line":28,"column":46}},"type":"binary-expr","locations":[{"start":{"line":28,"column":13},"end":{"line":28,"column":27}},{"start":{"line":28,"column":31},"end":{"line":28,"column":46}}]},"11":{"loc":{"start":{"line":31,"column":9},"end":{"line":47,"column":null}},"type":"if","locations":[{"start":{"line":31,"column":9},"end":{"line":47,"column":null}},{"start":{"line":45,"column":7},"end":{"line":47,"column":null}}]},"12":{"loc":{"start":{"line":31,"column":13},"end":{"line":31,"column":49}},"type":"binary-expr","locations":[{"start":{"line":31,"column":13},"end":{"line":31,"column":28}},{"start":{"line":31,"column":32},"end":{"line":31,"column":49}}]}},"s":{"0":9,"1":9,"2":0,"3":9,"4":1,"5":8,"6":1,"7":7,"8":2,"9":5,"10":1,"11":4,"12":1,"13":3,"14":2,"15":1,"16":1},"f":{"0":9},"b":{"0":[0,9],"1":[1,8],"2":[9,9],"3":[1,7],"4":[8,8],"5":[2,5],"6":[7,7],"7":[1,4],"8":[5,5],"9":[1,3],"10":[4,4],"11":[2,1],"12":[3,3]}}
,"C:\\Users\\t_winkjqzhang\\Desktop\\sings-utils\\src\\main.ts": {"path":"C:\\Users\\t_winkjqzhang\\Desktop\\sings-utils\\src\\main.ts","statementMap":{"0":{"start":{"line":12,"column":2},"end":{"line":12,"column":29}},"1":{"start":{"line":11,"column":0},"end":{"line":11,"column":null}}},"fnMap":{"0":{"name":"default_1","decl":{"start":{"line":11,"column":0},"end":{"line":11,"column":null}},"loc":{"start":{"line":11,"column":0},"end":{"line":14,"column":1}}}},"branchMap":{},"s":{"0":1,"1":1},"f":{"0":1},"b":{}}
}
