{"C:\\Users\\10177\\Desktop\\sings-utils\\src\\UrlGetRequest.ts": {"path":"C:\\Users\\10177\\Desktop\\sings-utils\\src\\UrlGetRequest.ts","statementMap":{"0":{"start":{"line":17,"column":22},"end":{"line":17,"column":40}},"1":{"start":{"line":20,"column":2},"end":{"line":24,"column":null}},"2":{"start":{"line":21,"column":4},"end":{"line":23,"column":7}},"3":{"start":{"line":22,"column":6},"end":{"line":22,"column":21}},"4":{"start":{"line":25,"column":25},"end":{"line":25,"column":41}},"5":{"start":{"line":26,"column":2},"end":{"line":29,"column":null}},"6":{"start":{"line":26,"column":15},"end":{"line":26,"column":16}},"7":{"start":{"line":27,"column":27},"end":{"line":27,"column":45}},"8":{"start":{"line":28,"column":4},"end":{"line":28,"column":45}},"9":{"start":{"line":28,"column":30},"end":{"line":28,"column":45}},"10":{"start":{"line":30,"column":2},"end":{"line":30,"column":15}},"11":{"start":{"line":16,"column":0},"end":{"line":16,"column":16}},"12":{"start":{"line":32,"column":0},"end":{"line":32,"column":29}}},"fnMap":{"0":{"name":"UrlGetRequest","decl":{"start":{"line":16,"column":16},"end":{"line":16,"column":29}},"loc":{"start":{"line":16,"column":59},"end":{"line":31,"column":1}}},"1":{"name":"(anonymous_1)","decl":{"start":{"line":21,"column":37},"end":{"line":21,"column":47}},"loc":{"start":{"line":21,"column":48},"end":{"line":23,"column":5}}}},"branchMap":{"0":{"loc":{"start":{"line":20,"column":2},"end":{"line":24,"column":null}},"type":"if","locations":[{"start":{"line":20,"column":2},"end":{"line":24,"column":null}}]},"1":{"loc":{"start":{"line":20,"column":6},"end":{"line":20,"column":67}},"type":"binary-expr","locations":[{"start":{"line":20,"column":6},"end":{"line":20,"column":35}},{"start":{"line":20,"column":39},"end":{"line":20,"column":67}}]},"2":{"loc":{"start":{"line":28,"column":4},"end":{"line":28,"column":45}},"type":"if","locations":[{"start":{"line":28,"column":4},"end":{"line":28,"column":45}}]}},"s":{"0":3,"1":3,"2":0,"3":0,"4":3,"5":3,"6":3,"7":5,"8":5,"9":2,"10":1,"11":3,"12":3},"f":{"0":3,"1":0},"b":{"0":[0],"1":[3,3],"2":[2]}}
,"C:\\Users\\10177\\Desktop\\sings-utils\\src\\changefilesize.ts": {"path":"C:\\Users\\10177\\Desktop\\sings-utils\\src\\changefilesize.ts","statementMap":{"0":{"start":{"line":13,"column":21},"end":{"line":13,"column":23}},"1":{"start":{"line":14,"column":2},"end":{"line":26,"column":null}},"2":{"start":{"line":16,"column":4},"end":{"line":16,"column":34}},"3":{"start":{"line":17,"column":9},"end":{"line":26,"column":null}},"4":{"start":{"line":19,"column":4},"end":{"line":19,"column":44}},"5":{"start":{"line":20,"column":9},"end":{"line":26,"column":null}},"6":{"start":{"line":22,"column":4},"end":{"line":22,"column":53}},"7":{"start":{"line":25,"column":4},"end":{"line":25,"column":60}},"8":{"start":{"line":28,"column":24},"end":{"line":28,"column":33}},"9":{"start":{"line":29,"column":22},"end":{"line":29,"column":42}},"10":{"start":{"line":30,"column":20},"end":{"line":30,"column":49}},"11":{"start":{"line":31,"column":2},"end":{"line":34,"column":null}},"12":{"start":{"line":33,"column":4},"end":{"line":33,"column":70}},"13":{"start":{"line":35,"column":2},"end":{"line":35,"column":14}},"14":{"start":{"line":12,"column":0},"end":{"line":12,"column":16}},"15":{"start":{"line":37,"column":0},"end":{"line":37,"column":30}}},"fnMap":{"0":{"name":"changefilesize","decl":{"start":{"line":12,"column":16},"end":{"line":12,"column":30}},"loc":{"start":{"line":12,"column":44},"end":{"line":36,"column":1}}}},"branchMap":{"0":{"loc":{"start":{"line":14,"column":2},"end":{"line":26,"column":null}},"type":"if","locations":[{"start":{"line":14,"column":2},"end":{"line":26,"column":null}},{"start":{"line":17,"column":9},"end":{"line":26,"column":null}}]},"1":{"loc":{"start":{"line":17,"column":9},"end":{"line":26,"column":null}},"type":"if","locations":[{"start":{"line":17,"column":9},"end":{"line":26,"column":null}},{"start":{"line":20,"column":9},"end":{"line":26,"column":null}}]},"2":{"loc":{"start":{"line":20,"column":9},"end":{"line":26,"column":null}},"type":"if","locations":[{"start":{"line":20,"column":9},"end":{"line":26,"column":null}},{"start":{"line":23,"column":9},"end":{"line":26,"column":null}}]},"3":{"loc":{"start":{"line":31,"column":2},"end":{"line":34,"column":null}},"type":"if","locations":[{"start":{"line":31,"column":2},"end":{"line":34,"column":null}}]}},"s":{"0":4,"1":4,"2":1,"3":3,"4":1,"5":2,"6":1,"7":1,"8":4,"9":4,"10":4,"11":4,"12":4,"13":0,"14":3,"15":3},"f":{"0":4},"b":{"0":[1,3],"1":[1,2],"2":[1,1],"3":[4]}}
,"C:\\Users\\10177\\Desktop\\sings-utils\\src\\debounce.ts": {"path":"C:\\Users\\10177\\Desktop\\sings-utils\\src\\debounce.ts","statementMap":{"0":{"start":{"line":3,"column":22},"end":{"line":3,"column":43}},"1":{"start":{"line":5,"column":16},"end":{"line":5,"column":24}},"2":{"start":{"line":6,"column":14},"end":{"line":6,"column":22}},"3":{"start":{"line":43,"column":2},"end":{"line":43,"column":32}},"4":{"start":{"line":42,"column":0},"end":{"line":42,"column":16}},"5":{"start":{"line":47,"column":2},"end":{"line":47,"column":null}},"6":{"start":{"line":48,"column":2},"end":{"line":48,"column":null}},"7":{"start":{"line":56,"column":21},"end":{"line":56,"column":22}},"8":{"start":{"line":57,"column":14},"end":{"line":57,"column":19}},"9":{"start":{"line":58,"column":13},"end":{"line":58,"column":18}},"10":{"start":{"line":59,"column":15},"end":{"line":59,"column":19}},"11":{"start":{"line":61,"column":2},"end":{"line":63,"column":null}},"12":{"start":{"line":62,"column":4},"end":{"line":62,"column":41}},"13":{"start":{"line":64,"column":2},"end":{"line":64,"column":27}},"14":{"start":{"line":65,"column":2},"end":{"line":70,"column":null}},"15":{"start":{"line":66,"column":4},"end":{"line":66,"column":32}},"16":{"start":{"line":67,"column":4},"end":{"line":67,"column":34}},"17":{"start":{"line":68,"column":4},"end":{"line":68,"column":79}},"18":{"start":{"line":69,"column":4},"end":{"line":69,"column":69}},"19":{"start":{"line":74,"column":15},"end":{"line":74,"column":23}},"20":{"start":{"line":75,"column":16},"end":{"line":75,"column":24}},"21":{"start":{"line":77,"column":4},"end":{"line":77,"column":36}},"22":{"start":{"line":78,"column":4},"end":{"line":78,"column":26}},"23":{"start":{"line":79,"column":4},"end":{"line":79,"column":39}},"24":{"start":{"line":80,"column":4},"end":{"line":80,"column":18}},"25":{"start":{"line":85,"column":4},"end":{"line":85,"column":26}},"26":{"start":{"line":86,"column":4},"end":{"line":86,"column":45}},"27":{"start":{"line":87,"column":4},"end":{"line":87,"column":47}},"28":{"start":{"line":92,"column":28},"end":{"line":92,"column":47}},"29":{"start":{"line":93,"column":28},"end":{"line":93,"column":49}},"30":{"start":{"line":94,"column":15},"end":{"line":94,"column":39}},"31":{"start":{"line":96,"column":4},"end":{"line":96,"column":78}},"32":{"start":{"line":101,"column":28},"end":{"line":101,"column":47}},"33":{"start":{"line":102,"column":28},"end":{"line":102,"column":49}},"34":{"start":{"line":104,"column":4},"end":{"line":109,"column":6}},"35":{"start":{"line":114,"column":15},"end":{"line":114,"column":25}},"36":{"start":{"line":115,"column":4},"end":{"line":118,"column":null}},"37":{"start":{"line":117,"column":6},"end":{"line":117,"column":32}},"38":{"start":{"line":119,"column":4},"end":{"line":119,"column":60}},"39":{"start":{"line":124,"column":4},"end":{"line":124,"column":24}},"40":{"start":{"line":128,"column":4},"end":{"line":131,"column":null}},"41":{"start":{"line":130,"column":6},"end":{"line":130,"column":30}},"42":{"start":{"line":132,"column":4},"end":{"line":132,"column":36}},"43":{"start":{"line":133,"column":4},"end":{"line":133,"column":18}},"44":{"start":{"line":138,"column":4},"end":{"line":140,"column":null}},"45":{"start":{"line":139,"column":6},"end":{"line":139,"column":28}},"46":{"start":{"line":141,"column":4},"end":{"line":141,"column":23}},"47":{"start":{"line":142,"column":4},"end":{"line":142,"column":61}},"48":{"start":{"line":147,"column":4},"end":{"line":147,"column":69}},"49":{"start":{"line":151,"column":15},"end":{"line":151,"column":25}},"50":{"start":{"line":152,"column":19},"end":{"line":152,"column":37}},"51":{"start":{"line":154,"column":4},"end":{"line":154,"column":25}},"52":{"start":{"line":155,"column":4},"end":{"line":155,"column":20}},"53":{"start":{"line":156,"column":4},"end":{"line":156,"column":24}},"54":{"start":{"line":158,"column":4},"end":{"line":168,"column":null}},"55":{"start":{"line":159,"column":6},"end":{"line":162,"column":null}},"56":{"start":{"line":161,"column":8},"end":{"line":161,"column":41}},"57":{"start":{"line":163,"column":6},"end":{"line":167,"column":null}},"58":{"start":{"line":165,"column":8},"end":{"line":165,"column":49}},"59":{"start":{"line":166,"column":8},"end":{"line":166,"column":40}},"60":{"start":{"line":169,"column":4},"end":{"line":172,"column":null}},"61":{"start":{"line":171,"column":6},"end":{"line":171,"column":47}},"62":{"start":{"line":173,"column":4},"end":{"line":173,"column":18}},"63":{"start":{"line":175,"column":2},"end":{"line":175,"column":28}},"64":{"start":{"line":176,"column":2},"end":{"line":176,"column":26}},"65":{"start":{"line":177,"column":2},"end":{"line":177,"column":19}},"66":{"start":{"line":45,"column":0},"end":{"line":45,"column":16}},"67":{"start":{"line":179,"column":0},"end":{"line":181,"column":2}}},"fnMap":{"0":{"name":"isObject","decl":{"start":{"line":42,"column":16},"end":{"line":42,"column":24}},"loc":{"start":{"line":42,"column":28},"end":{"line":44,"column":1}}},"1":{"name":"debounce","decl":{"start":{"line":45,"column":16},"end":{"line":45,"column":24}},"loc":{"start":{"line":48,"column":72},"end":{"line":178,"column":1}}},"2":{"name":"invokeFunc","decl":{"start":{"line":72,"column":11},"end":{"line":72,"column":21}},"loc":{"start":{"line":72,"column":26},"end":{"line":81,"column":3}}},"3":{"name":"leadingEdge","decl":{"start":{"line":83,"column":11},"end":{"line":83,"column":22}},"loc":{"start":{"line":83,"column":27},"end":{"line":88,"column":3}}},"4":{"name":"remainingWait","decl":{"start":{"line":90,"column":11},"end":{"line":90,"column":24}},"loc":{"start":{"line":90,"column":29},"end":{"line":97,"column":3}}},"5":{"name":"shouldInvoke","decl":{"start":{"line":99,"column":11},"end":{"line":99,"column":23}},"loc":{"start":{"line":99,"column":28},"end":{"line":110,"column":3}}},"6":{"name":"timerExpired","decl":{"start":{"line":112,"column":11},"end":{"line":112,"column":23}},"loc":{"start":{"line":112,"column":23},"end":{"line":120,"column":3}}},"7":{"name":"trailingEdge","decl":{"start":{"line":122,"column":11},"end":{"line":122,"column":23}},"loc":{"start":{"line":122,"column":28},"end":{"line":134,"column":3}}},"8":{"name":"cancel","decl":{"start":{"line":136,"column":11},"end":{"line":136,"column":17}},"loc":{"start":{"line":136,"column":17},"end":{"line":143,"column":3}}},"9":{"name":"flush","decl":{"start":{"line":145,"column":11},"end":{"line":145,"column":16}},"loc":{"start":{"line":145,"column":16},"end":{"line":148,"column":3}}},"10":{"name":"debounced","decl":{"start":{"line":150,"column":11},"end":{"line":150,"column":20}},"loc":{"start":{"line":150,"column":20},"end":{"line":174,"column":3}}}},"branchMap":{"0":{"loc":{"start":{"line":47,"column":2},"end":{"line":47,"column":null}},"type":"if","locations":[{"start":{"line":47,"column":2},"end":{"line":47,"column":null}}]},"1":{"loc":{"start":{"line":48,"column":2},"end":{"line":48,"column":null}},"type":"if","locations":[{"start":{"line":48,"column":2},"end":{"line":48,"column":null}}]},"2":{"loc":{"start":{"line":61,"column":2},"end":{"line":63,"column":null}},"type":"if","locations":[{"start":{"line":61,"column":2},"end":{"line":63,"column":null}}]},"3":{"loc":{"start":{"line":64,"column":9},"end":{"line":64,"column":26}},"type":"binary-expr","locations":[{"start":{"line":64,"column":9},"end":{"line":64,"column":21}},{"start":{"line":64,"column":25},"end":{"line":64,"column":26}}]},"4":{"loc":{"start":{"line":65,"column":2},"end":{"line":70,"column":null}},"type":"if","locations":[{"start":{"line":65,"column":2},"end":{"line":70,"column":null}}]},"5":{"loc":{"start":{"line":68,"column":14},"end":{"line":68,"column":78}},"type":"cond-expr","locations":[{"start":{"line":68,"column":23},"end":{"line":68,"column":68}},{"start":{"line":68,"column":71},"end":{"line":68,"column":78}}]},"6":{"loc":{"start":{"line":68,"column":33},"end":{"line":68,"column":61}},"type":"binary-expr","locations":[{"start":{"line":68,"column":33},"end":{"line":68,"column":56}},{"start":{"line":68,"column":60},"end":{"line":68,"column":61}}]},"7":{"loc":{"start":{"line":69,"column":15},"end":{"line":69,"column":68}},"type":"cond-expr","locations":[{"start":{"line":69,"column":39},"end":{"line":69,"column":57}},{"start":{"line":69,"column":60},"end":{"line":69,"column":68}}]},"8":{"loc":{"start":{"line":87,"column":11},"end":{"line":87,"column":46}},"type":"cond-expr","locations":[{"start":{"line":87,"column":21},"end":{"line":87,"column":37}},{"start":{"line":87,"column":40},"end":{"line":87,"column":46}}]},"9":{"loc":{"start":{"line":96,"column":11},"end":{"line":96,"column":77}},"type":"cond-expr","locations":[{"start":{"line":96,"column":20},"end":{"line":96,"column":68}},{"start":{"line":96,"column":71},"end":{"line":96,"column":77}}]},"10":{"loc":{"start":{"line":105,"column":6},"end":{"line":108,"column":48}},"type":"binary-expr","locations":[{"start":{"line":105,"column":6},"end":{"line":105,"column":32}},{"start":{"line":106,"column":6},"end":{"line":106,"column":31}},{"start":{"line":107,"column":6},"end":{"line":107,"column":27}},{"start":{"line":108,"column":7},"end":{"line":108,"column":13}},{"start":{"line":108,"column":17},"end":{"line":108,"column":47}}]},"11":{"loc":{"start":{"line":115,"column":4},"end":{"line":118,"column":null}},"type":"if","locations":[{"start":{"line":115,"column":4},"end":{"line":118,"column":null}}]},"12":{"loc":{"start":{"line":128,"column":4},"end":{"line":131,"column":null}},"type":"if","locations":[{"start":{"line":128,"column":4},"end":{"line":131,"column":null}}]},"13":{"loc":{"start":{"line":128,"column":8},"end":{"line":128,"column":28}},"type":"binary-expr","locations":[{"start":{"line":128,"column":8},"end":{"line":128,"column":16}},{"start":{"line":128,"column":20},"end":{"line":128,"column":28}}]},"14":{"loc":{"start":{"line":138,"column":4},"end":{"line":140,"column":null}},"type":"if","locations":[{"start":{"line":138,"column":4},"end":{"line":140,"column":null}}]},"15":{"loc":{"start":{"line":147,"column":11},"end":{"line":147,"column":68}},"type":"cond-expr","locations":[{"start":{"line":147,"column":35},"end":{"line":147,"column":41}},{"start":{"line":147,"column":44},"end":{"line":147,"column":68}}]},"16":{"loc":{"start":{"line":158,"column":4},"end":{"line":168,"column":null}},"type":"if","locations":[{"start":{"line":158,"column":4},"end":{"line":168,"column":null}}]},"17":{"loc":{"start":{"line":159,"column":6},"end":{"line":162,"column":null}},"type":"if","locations":[{"start":{"line":159,"column":6},"end":{"line":162,"column":null}}]},"18":{"loc":{"start":{"line":163,"column":6},"end":{"line":167,"column":null}},"type":"if","locations":[{"start":{"line":163,"column":6},"end":{"line":167,"column":null}}]},"19":{"loc":{"start":{"line":169,"column":4},"end":{"line":172,"column":null}},"type":"if","locations":[{"start":{"line":169,"column":4},"end":{"line":172,"column":null}}]}},"s":{"0":3,"1":3,"2":3,"3":0,"4":3,"5":0,"6":0,"7":0,"8":0,"9":0,"10":0,"11":0,"12":0,"13":0,"14":0,"15":0,"16":0,"17":0,"18":0,"19":0,"20":0,"21":0,"22":0,"23":0,"24":0,"25":0,"26":0,"27":0,"28":0,"29":0,"30":0,"31":0,"32":0,"33":0,"34":0,"35":0,"36":0,"37":0,"38":0,"39":0,"40":0,"41":0,"42":0,"43":0,"44":0,"45":0,"46":0,"47":0,"48":0,"49":0,"50":0,"51":0,"52":0,"53":0,"54":0,"55":0,"56":0,"57":0,"58":0,"59":0,"60":0,"61":0,"62":0,"63":0,"64":0,"65":0,"66":3,"67":3},"f":{"0":0,"1":0,"2":0,"3":0,"4":0,"5":0,"6":0,"7":0,"8":0,"9":0,"10":0},"b":{"0":[0],"1":[0],"2":[0],"3":[0,0],"4":[0],"5":[0,0],"6":[0,0],"7":[0,0],"8":[0,0],"9":[0,0],"10":[0,0,0,0,0],"11":[0],"12":[0],"13":[0,0],"14":[0],"15":[0,0],"16":[0],"17":[0],"18":[0],"19":[0]}}
,"C:\\Users\\10177\\Desktop\\sings-utils\\src\\formatnumber.ts": {"path":"C:\\Users\\10177\\Desktop\\sings-utils\\src\\formatnumber.ts","statementMap":{"0":{"start":{"line":14,"column":2},"end":{"line":14,"column":20}},"1":{"start":{"line":15,"column":2},"end":{"line":47,"column":null}},"2":{"start":{"line":16,"column":4},"end":{"line":16,"column":26}},"3":{"start":{"line":17,"column":9},"end":{"line":47,"column":null}},"4":{"start":{"line":18,"column":4},"end":{"line":18,"column":26}},"5":{"start":{"line":19,"column":9},"end":{"line":47,"column":null}},"6":{"start":{"line":21,"column":4},"end":{"line":21,"column":35}},"7":{"start":{"line":22,"column":9},"end":{"line":47,"column":null}},"8":{"start":{"line":24,"column":4},"end":{"line":24,"column":36}},"9":{"start":{"line":25,"column":9},"end":{"line":47,"column":null}},"10":{"start":{"line":27,"column":4},"end":{"line":27,"column":38}},"11":{"start":{"line":28,"column":9},"end":{"line":47,"column":null}},"12":{"start":{"line":30,"column":4},"end":{"line":30,"column":39}},"13":{"start":{"line":31,"column":9},"end":{"line":47,"column":null}},"14":{"start":{"line":33,"column":4},"end":{"line":33,"column":40}},"15":{"start":{"line":46,"column":4},"end":{"line":46,"column":40}},"16":{"start":{"line":13,"column":0},"end":{"line":13,"column":16}},"17":{"start":{"line":49,"column":0},"end":{"line":51,"column":2}}},"fnMap":{"0":{"name":"formatNumber","decl":{"start":{"line":13,"column":16},"end":{"line":13,"column":28}},"loc":{"start":{"line":13,"column":40},"end":{"line":48,"column":1}}}},"branchMap":{"0":{"loc":{"start":{"line":15,"column":2},"end":{"line":47,"column":null}},"type":"if","locations":[{"start":{"line":15,"column":2},"end":{"line":47,"column":null}},{"start":{"line":17,"column":9},"end":{"line":47,"column":null}}]},"1":{"loc":{"start":{"line":17,"column":9},"end":{"line":47,"column":null}},"type":"if","locations":[{"start":{"line":17,"column":9},"end":{"line":47,"column":null}},{"start":{"line":19,"column":9},"end":{"line":47,"column":null}}]},"2":{"loc":{"start":{"line":17,"column":13},"end":{"line":17,"column":34}},"type":"binary-expr","locations":[{"start":{"line":17,"column":13},"end":{"line":17,"column":20}},{"start":{"line":17,"column":24},"end":{"line":17,"column":34}}]},"3":{"loc":{"start":{"line":19,"column":9},"end":{"line":47,"column":null}},"type":"if","locations":[{"start":{"line":19,"column":9},"end":{"line":47,"column":null}},{"start":{"line":22,"column":9},"end":{"line":47,"column":null}}]},"4":{"loc":{"start":{"line":19,"column":13},"end":{"line":19,"column":38}},"type":"binary-expr","locations":[{"start":{"line":19,"column":13},"end":{"line":19,"column":23}},{"start":{"line":19,"column":27},"end":{"line":19,"column":38}}]},"5":{"loc":{"start":{"line":22,"column":9},"end":{"line":47,"column":null}},"type":"if","locations":[{"start":{"line":22,"column":9},"end":{"line":47,"column":null}},{"start":{"line":25,"column":9},"end":{"line":47,"column":null}}]},"6":{"loc":{"start":{"line":22,"column":13},"end":{"line":22,"column":41}},"type":"binary-expr","locations":[{"start":{"line":22,"column":13},"end":{"line":22,"column":24}},{"start":{"line":22,"column":28},"end":{"line":22,"column":41}}]},"7":{"loc":{"start":{"line":25,"column":9},"end":{"line":47,"column":null}},"type":"if","locations":[{"start":{"line":25,"column":9},"end":{"line":47,"column":null}},{"start":{"line":28,"column":9},"end":{"line":47,"column":null}}]},"8":{"loc":{"start":{"line":25,"column":13},"end":{"line":25,"column":44}},"type":"binary-expr","locations":[{"start":{"line":25,"column":13},"end":{"line":25,"column":26}},{"start":{"line":25,"column":30},"end":{"line":25,"column":44}}]},"9":{"loc":{"start":{"line":28,"column":9},"end":{"line":47,"column":null}},"type":"if","locations":[{"start":{"line":28,"column":9},"end":{"line":47,"column":null}},{"start":{"line":31,"column":9},"end":{"line":47,"column":null}}]},"10":{"loc":{"start":{"line":28,"column":13},"end":{"line":28,"column":46}},"type":"binary-expr","locations":[{"start":{"line":28,"column":13},"end":{"line":28,"column":27}},{"start":{"line":28,"column":31},"end":{"line":28,"column":46}}]},"11":{"loc":{"start":{"line":31,"column":9},"end":{"line":47,"column":null}},"type":"if","locations":[{"start":{"line":31,"column":9},"end":{"line":47,"column":null}},{"start":{"line":45,"column":7},"end":{"line":47,"column":null}}]},"12":{"loc":{"start":{"line":31,"column":13},"end":{"line":31,"column":49}},"type":"binary-expr","locations":[{"start":{"line":31,"column":13},"end":{"line":31,"column":28}},{"start":{"line":31,"column":32},"end":{"line":31,"column":49}}]}},"s":{"0":9,"1":9,"2":0,"3":9,"4":1,"5":8,"6":1,"7":7,"8":2,"9":5,"10":1,"11":4,"12":1,"13":3,"14":2,"15":1,"16":3,"17":3},"f":{"0":9},"b":{"0":[0,9],"1":[1,8],"2":[9,9],"3":[1,7],"4":[8,8],"5":[2,5],"6":[7,7],"7":[1,4],"8":[5,5],"9":[1,3],"10":[4,4],"11":[2,1],"12":[3,3]}}
,"C:\\Users\\10177\\Desktop\\sings-utils\\src\\index.ts": {"path":"C:\\Users\\10177\\Desktop\\sings-utils\\src\\index.ts","statementMap":{"0":{"start":{"line":7,"column":0},"end":{"line":7,"column":28}},"1":{"start":{"line":8,"column":0},"end":{"line":8,"column":33}},"2":{"start":{"line":9,"column":0},"end":{"line":9,"column":28}},"3":{"start":{"line":10,"column":0},"end":{"line":10,"column":34}},"4":{"start":{"line":11,"column":0},"end":{"line":11,"column":32}}},"fnMap":{},"branchMap":{},"s":{"0":3,"1":3,"2":3,"3":3,"4":3},"f":{},"b":{}}
,"C:\\Users\\10177\\Desktop\\sings-utils\\src\\main.ts": {"path":"C:\\Users\\10177\\Desktop\\sings-utils\\src\\main.ts","statementMap":{"0":{"start":{"line":12,"column":2},"end":{"line":12,"column":29}},"1":{"start":{"line":11,"column":0},"end":{"line":11,"column":16}},"2":{"start":{"line":15,"column":0},"end":{"line":15,"column":20}}},"fnMap":{"0":{"name":"main","decl":{"start":{"line":11,"column":16},"end":{"line":11,"column":20}},"loc":{"start":{"line":11,"column":20},"end":{"line":14,"column":1}}}},"branchMap":{},"s":{"0":1,"1":1,"2":1},"f":{"0":1},"b":{}}
,"C:\\Users\\10177\\Desktop\\sings-utils\\src\\throttle.ts": {"path":"C:\\Users\\10177\\Desktop\\sings-utils\\src\\throttle.ts","statementMap":{"0":{"start":{"line":29,"column":28},"end":{"line":29,"column":32}},"1":{"start":{"line":30,"column":28},"end":{"line":30,"column":32}},"2":{"start":{"line":31,"column":16},"end":{"line":31,"column":20}},"3":{"start":{"line":32,"column":25},"end":{"line":32,"column":26}},"4":{"start":{"line":33,"column":2},"end":{"line":37,"column":6}},"5":{"start":{"line":34,"column":4},"end":{"line":37,"column":6}},"6":{"start":{"line":38,"column":16},"end":{"line":43,"column":3}},"7":{"start":{"line":39,"column":4},"end":{"line":39,"column":68}},"8":{"start":{"line":40,"column":4},"end":{"line":40,"column":19}},"9":{"start":{"line":41,"column":4},"end":{"line":41,"column":30}},"10":{"start":{"line":42,"column":4},"end":{"line":42,"column":40}},"11":{"start":{"line":42,"column":18},"end":{"line":42,"column":40}},"12":{"start":{"line":44,"column":20},"end":{"line":61,"column":3}},"13":{"start":{"line":45,"column":16},"end":{"line":45,"column":36}},"14":{"start":{"line":46,"column":4},"end":{"line":46,"column":63}},"15":{"start":{"line":46,"column":48},"end":{"line":46,"column":63}},"16":{"start":{"line":47,"column":22},"end":{"line":47,"column":45}},"17":{"start":{"line":48,"column":4},"end":{"line":48,"column":19}},"18":{"start":{"line":49,"column":4},"end":{"line":49,"column":21}},"19":{"start":{"line":50,"column":4},"end":{"line":60,"column":null}},"20":{"start":{"line":51,"column":6},"end":{"line":54,"column":null}},"21":{"start":{"line":52,"column":8},"end":{"line":52,"column":30}},"22":{"start":{"line":53,"column":8},"end":{"line":53,"column":23}},"23":{"start":{"line":55,"column":6},"end":{"line":55,"column":21}},"24":{"start":{"line":56,"column":6},"end":{"line":56,"column":32}},"25":{"start":{"line":57,"column":6},"end":{"line":57,"column":42}},"26":{"start":{"line":57,"column":20},"end":{"line":57,"column":42}},"27":{"start":{"line":58,"column":11},"end":{"line":60,"column":null}},"28":{"start":{"line":59,"column":6},"end":{"line":59,"column":45}},"29":{"start":{"line":62,"column":2},"end":{"line":66,"column":4}},"30":{"start":{"line":63,"column":4},"end":{"line":63,"column":26}},"31":{"start":{"line":64,"column":4},"end":{"line":64,"column":17}},"32":{"start":{"line":65,"column":4},"end":{"line":65,"column":19}},"33":{"start":{"line":67,"column":2},"end":{"line":67,"column":19}},"34":{"start":{"line":24,"column":0},"end":{"line":24,"column":16}},"35":{"start":{"line":69,"column":0},"end":{"line":69,"column":24}}},"fnMap":{"0":{"name":"throttle","decl":{"start":{"line":24,"column":16},"end":{"line":24,"column":24}},"loc":{"start":{"line":27,"column":19},"end":{"line":68,"column":1}}},"1":{"name":"(anonymous_1)","decl":{"start":{"line":38,"column":16},"end":{"line":38,"column":null}},"loc":{"start":{"line":38,"column":16},"end":{"line":43,"column":3}}},"2":{"name":"(anonymous_2)","decl":{"start":{"line":44,"column":20},"end":{"line":44,"column":null}},"loc":{"start":{"line":44,"column":20},"end":{"line":61,"column":3}}},"3":{"name":"(anonymous_3)","decl":{"start":{"line":62,"column":21},"end":{"line":62,"column":null}},"loc":{"start":{"line":62,"column":21},"end":{"line":66,"column":3}}}},"branchMap":{"0":{"loc":{"start":{"line":33,"column":2},"end":{"line":37,"column":6}},"type":"if","locations":[{"start":{"line":33,"column":2},"end":{"line":37,"column":6}}]},"1":{"loc":{"start":{"line":39,"column":15},"end":{"line":39,"column":67}},"type":"cond-expr","locations":[{"start":{"line":39,"column":43},"end":{"line":39,"column":44}},{"start":{"line":39,"column":47},"end":{"line":39,"column":67}}]},"2":{"loc":{"start":{"line":42,"column":4},"end":{"line":42,"column":40}},"type":"if","locations":[{"start":{"line":42,"column":4},"end":{"line":42,"column":40}}]},"3":{"loc":{"start":{"line":46,"column":4},"end":{"line":46,"column":63}},"type":"if","locations":[{"start":{"line":46,"column":4},"end":{"line":46,"column":63}}]},"4":{"loc":{"start":{"line":46,"column":8},"end":{"line":46,"column":46}},"type":"binary-expr","locations":[{"start":{"line":46,"column":8},"end":{"line":46,"column":17}},{"start":{"line":46,"column":21},"end":{"line":46,"column":46}}]},"5":{"loc":{"start":{"line":50,"column":4},"end":{"line":60,"column":null}},"type":"if","locations":[{"start":{"line":50,"column":4},"end":{"line":60,"column":null}},{"start":{"line":58,"column":11},"end":{"line":60,"column":null}}]},"6":{"loc":{"start":{"line":50,"column":8},"end":{"line":50,"column":42}},"type":"binary-expr","locations":[{"start":{"line":50,"column":8},"end":{"line":50,"column":22}},{"start":{"line":50,"column":26},"end":{"line":50,"column":42}}]},"7":{"loc":{"start":{"line":51,"column":6},"end":{"line":54,"column":null}},"type":"if","locations":[{"start":{"line":51,"column":6},"end":{"line":54,"column":null}}]},"8":{"loc":{"start":{"line":57,"column":6},"end":{"line":57,"column":42}},"type":"if","locations":[{"start":{"line":57,"column":6},"end":{"line":57,"column":42}}]},"9":{"loc":{"start":{"line":58,"column":11},"end":{"line":60,"column":null}},"type":"if","locations":[{"start":{"line":58,"column":11},"end":{"line":60,"column":null}}]},"10":{"loc":{"start":{"line":58,"column":15},"end":{"line":58,"column":53}},"type":"binary-expr","locations":[{"start":{"line":58,"column":15},"end":{"line":58,"column":23}},{"start":{"line":58,"column":27},"end":{"line":58,"column":53}}]}},"s":{"0":0,"1":0,"2":0,"3":0,"4":0,"5":0,"6":0,"7":0,"8":0,"9":0,"10":0,"11":0,"12":0,"13":0,"14":0,"15":0,"16":0,"17":0,"18":0,"19":0,"20":0,"21":0,"22":0,"23":0,"24":0,"25":0,"26":0,"27":0,"28":0,"29":0,"30":0,"31":0,"32":0,"33":0,"34":3,"35":3},"f":{"0":0,"1":0,"2":0,"3":0},"b":{"0":[0],"1":[0,0],"2":[0],"3":[0],"4":[0,0],"5":[0,0],"6":[0,0],"7":[0],"8":[0],"9":[0],"10":[0,0]}}
}
