TN:
SF:src\UrlGetRequest.ts
FN:16,UrlGetRequest
FN:21,(anonymous_1)
FNF:2
FNH:1
FNDA:3,UrlGetRequest
FNDA:0,(anonymous_1)
DA:16,4
DA:17,3
DA:20,3
DA:21,0
DA:22,0
DA:25,3
DA:26,3
DA:27,5
DA:28,5
DA:30,1
DA:32,4
LF:11
LH:9
BRDA:20,0,0,0
BRDA:20,1,0,3
BRDA:20,1,1,3
BRDA:28,2,0,2
BRF:4
BRH:3
end_of_record
TN:
SF:src\changefilesize.ts
FN:14,changefilesize
FNF:1
FNH:1
FNDA:4,changefilesize
DA:14,4
DA:15,4
DA:16,4
DA:18,1
DA:19,3
DA:21,1
DA:22,2
DA:24,1
DA:27,1
DA:30,4
DA:31,4
DA:32,4
DA:33,4
DA:35,4
DA:37,0
DA:39,4
LF:16
LH:15
BRDA:16,0,0,1
BRDA:16,0,1,3
BRDA:19,1,0,1
BRDA:19,1,1,2
BRDA:22,2,0,1
BRDA:22,2,1,1
BRDA:33,3,0,4
BRF:7
BRH:7
end_of_record
TN:
SF:src\debounce.ts
FN:45,debounce
FN:72,invokeFunc
FN:83,leadingEdge
FN:90,remainingWait
FN:99,shouldInvoke
FN:112,timerExpired
FN:122,trailingEdge
FN:136,cancel
FN:145,flush
FN:150,debounced
FNF:10
FNH:8
FNDA:14,debounce
FNDA:24,invokeFunc
FNDA:21,leadingEdge
FNDA:4,remainingWait
FNDA:273425,shouldInvoke
FNDA:28,timerExpired
FNDA:24,trailingEdge
FNDA:0,cancel
FNDA:0,flush
FNDA:273397,debounced
DA:3,4
DA:5,4
DA:6,4
DA:44,4
DA:45,4
DA:47,14
DA:48,18
DA:56,14
DA:57,14
DA:58,14
DA:59,14
DA:61,14
DA:62,0
DA:64,14
DA:65,14
DA:66,14
DA:67,14
DA:68,14
DA:69,14
DA:74,24
DA:75,24
DA:77,24
DA:78,24
DA:79,24
DA:80,24
DA:85,21
DA:86,21
DA:87,21
DA:92,4
DA:93,4
DA:94,4
DA:96,4
DA:101,273425
DA:102,273425
DA:104,273425
DA:114,28
DA:115,28
DA:117,24
DA:119,4
DA:124,24
DA:128,24
DA:130,17
DA:132,7
DA:133,7
DA:138,0
DA:139,0
DA:141,0
DA:142,0
DA:147,0
DA:151,273397
DA:152,273397
DA:154,273397
DA:155,273397
DA:156,273397
DA:158,273397
DA:159,24
DA:161,21
DA:163,3
DA:165,2
DA:166,2
DA:169,273374
DA:171,1
DA:173,273374
DA:175,14
DA:176,14
DA:177,14
DA:179,4
LF:67
LH:61
BRDA:47,0,0,0
BRDA:48,1,0,4
BRDA:61,2,0,0
BRDA:64,3,0,14
BRDA:64,3,1,1
BRDA:65,4,0,14
BRDA:68,5,0,4
BRDA:68,5,1,10
BRDA:68,6,0,4
BRDA:68,6,1,0
BRDA:69,7,0,3
BRDA:69,7,1,11
BRDA:87,8,0,5
BRDA:87,8,1,16
BRDA:96,9,0,3
BRDA:96,9,1,1
BRDA:105,10,0,273425
BRDA:105,10,1,273411
BRDA:105,10,2,273380
BRDA:105,10,3,273380
BRDA:105,10,4,136690
BRDA:115,11,0,24
BRDA:128,12,0,17
BRDA:128,13,0,24
BRDA:128,13,1,21
BRDA:138,14,0,0
BRDA:147,15,0,0
BRDA:147,15,1,0
BRDA:158,16,0,24
BRDA:159,17,0,21
BRDA:163,18,0,2
BRDA:169,19,0,1
BRF:32
BRH:26
end_of_record
TN:
SF:src\formatnumber.ts
FN:14,formatNumber
FNF:1
FNH:1
FNDA:9,formatNumber
DA:14,4
DA:15,9
DA:16,9
DA:17,0
DA:21,9
DA:22,1
DA:26,8
DA:28,1
DA:32,7
DA:34,2
DA:38,5
DA:40,1
DA:44,4
DA:46,1
DA:50,3
DA:52,2
DA:68,1
DA:73,4
LF:18
LH:17
BRDA:16,0,0,0
BRDA:16,0,1,9
BRDA:21,1,0,1
BRDA:21,1,1,8
BRDA:21,2,0,9
BRDA:21,2,1,9
BRDA:26,3,0,1
BRDA:26,3,1,7
BRDA:26,4,0,8
BRDA:26,4,1,8
BRDA:32,5,0,2
BRDA:32,5,1,5
BRDA:32,6,0,7
BRDA:32,6,1,7
BRDA:38,7,0,1
BRDA:38,7,1,4
BRDA:38,8,0,5
BRDA:38,8,1,5
BRDA:44,9,0,1
BRDA:44,9,1,3
BRDA:44,10,0,4
BRDA:44,10,1,4
BRDA:50,11,0,2
BRDA:50,11,1,1
BRDA:50,12,0,3
BRDA:50,12,1,3
BRF:26
BRH:25
end_of_record
TN:
SF:src\index.ts
FNF:0
FNH:0
DA:15,4
DA:16,4
DA:17,4
DA:18,4
DA:19,4
DA:20,4
LF:6
LH:6
BRF:0
BRH:0
end_of_record
TN:
SF:src\isObject.ts
FN:15,isObject
FNF:1
FNH:1
FNDA:14,isObject
DA:15,4
DA:16,14
DA:17,14
DA:19,4
LF:4
LH:4
BRDA:17,0,0,14
BRDA:17,0,1,14
BRDA:17,0,2,0
BRF:3
BRH:2
end_of_record
TN:
SF:src\main.ts
FN:11,main
FNF:1
FNH:1
FNDA:1,main
DA:11,1
DA:12,1
DA:15,1
LF:3
LH:3
BRF:0
BRH:0
end_of_record
TN:
SF:src\throttle.ts
FN:18,throttle
FN:32,(anonymous_1)
FN:38,(anonymous_2)
FN:56,(anonymous_3)
FNF:4
FNH:0
FNDA:0,throttle
FNDA:0,(anonymous_1)
FNDA:0,(anonymous_2)
FNDA:0,(anonymous_3)
DA:18,4
DA:21,0
DA:23,0
DA:24,0
DA:25,0
DA:26,0
DA:27,0
DA:28,0
DA:32,0
DA:33,0
DA:34,0
DA:35,0
DA:36,0
DA:38,0
DA:39,0
DA:40,0
DA:41,0
DA:42,0
DA:43,0
DA:44,0
DA:45,0
DA:46,0
DA:47,0
DA:49,0
DA:50,0
DA:51,0
DA:52,0
DA:53,0
DA:56,0
DA:57,0
DA:58,0
DA:59,0
DA:61,0
DA:63,4
LF:34
LH:2
BRDA:21,0,0,0
BRDA:27,1,0,0
BRDA:33,2,0,0
BRDA:33,2,1,0
BRDA:36,3,0,0
BRDA:40,4,0,0
BRDA:40,5,0,0
BRDA:40,5,1,0
BRDA:44,6,0,0
BRDA:44,6,1,0
BRDA:44,7,0,0
BRDA:44,7,1,0
BRDA:45,8,0,0
BRDA:51,9,0,0
BRDA:52,10,0,0
BRDA:52,11,0,0
BRDA:52,11,1,0
BRF:17
BRH:0
end_of_record
