TN:
SF:src\UrlGetRequest.ts
FN:10,UrlGetRequest
FN:15,(anonymous_1)
FNF:2
FNH:1
FNDA:3,UrlGetRequest
FNDA:0,(anonymous_1)
DA:10,7
DA:11,3
DA:14,3
DA:15,0
DA:16,0
DA:19,3
DA:20,3
DA:21,5
DA:22,5
DA:24,1
DA:26,7
LF:11
LH:9
BRDA:14,0,0,0
BRDA:14,1,0,3
BRDA:14,1,1,3
BRDA:22,2,0,2
BRF:4
BRH:3
end_of_record
TN:
SF:src\addObjIterator.ts
FN:10,addObjIterator
FN:13,(anonymous_2)
FN:17,(anonymous_3)
FNF:3
FNH:0
FNDA:0,addObjIterator
FNDA:0,(anonymous_2)
FNDA:0,(anonymous_3)
DA:1,7
DA:2,7
DA:11,0
DA:12,0
DA:13,0
DA:14,0
DA:15,0
DA:16,0
DA:18,0
DA:25,0
DA:27,0
DA:32,7
LF:12
LH:3
BRDA:11,0,0,0
BRDA:11,0,1,0
BRF:2
BRH:0
end_of_record
TN:
SF:src\changefilesize.ts
FN:8,changefilesize
FNF:1
FNH:1
FNDA:4,changefilesize
DA:8,7
DA:9,4
DA:10,4
DA:12,1
DA:13,3
DA:15,1
DA:16,2
DA:18,1
DA:21,1
DA:24,4
DA:25,4
DA:26,4
DA:27,4
DA:29,4
DA:31,0
DA:33,7
LF:16
LH:15
BRDA:10,0,0,1
BRDA:10,0,1,3
BRDA:13,1,0,1
BRDA:13,1,1,2
BRDA:16,2,0,1
BRDA:16,2,1,1
BRDA:27,3,0,4
BRF:7
BRH:7
end_of_record
TN:
SF:src\cloneDeep.ts
FN:7,cloneDeep
FNF:1
FNH:1
FNDA:10,cloneDeep
DA:7,7
DA:9,10
DA:10,8
DA:12,8
DA:14,8
DA:16,8
DA:21,2
DA:22,2
DA:23,0
DA:25,0
DA:28,2
DA:30,7
LF:12
LH:10
BRDA:9,0,0,2
BRDA:10,1,0,0
BRDA:12,2,0,0
BRDA:14,3,0,0
BRDA:16,4,0,6
BRDA:23,5,0,0
BRF:6
BRH:2
end_of_record
TN:
SF:src\debounce.ts
FN:44,debounce
FN:71,invokeFunc
FN:82,leadingEdge
FN:89,remainingWait
FN:98,shouldInvoke
FN:111,timerExpired
FN:121,trailingEdge
FN:135,cancel
FN:144,flush
FN:149,debounced
FNF:10
FNH:8
FNDA:14,debounce
FNDA:24,invokeFunc
FNDA:21,leadingEdge
FNDA:6,remainingWait
FNDA:219317,shouldInvoke
FNDA:30,timerExpired
FNDA:24,trailingEdge
FNDA:0,cancel
FNDA:0,flush
FNDA:219287,debounced
DA:3,7
DA:5,7
DA:6,7
DA:43,7
DA:44,7
DA:46,14
DA:47,18
DA:55,14
DA:56,14
DA:57,14
DA:58,14
DA:60,14
DA:61,0
DA:63,14
DA:64,14
DA:65,14
DA:66,14
DA:67,14
DA:68,14
DA:73,24
DA:74,24
DA:76,24
DA:77,24
DA:78,24
DA:79,24
DA:84,21
DA:85,21
DA:86,21
DA:91,6
DA:92,6
DA:93,6
DA:95,6
DA:100,219317
DA:101,219317
DA:103,219317
DA:113,30
DA:114,30
DA:116,24
DA:118,6
DA:123,24
DA:127,24
DA:129,16
DA:131,8
DA:132,8
DA:137,0
DA:138,0
DA:140,0
DA:141,0
DA:146,0
DA:150,219287
DA:151,219287
DA:153,219287
DA:154,219287
DA:155,219287
DA:157,219287
DA:158,25
DA:160,21
DA:162,4
DA:164,3
DA:165,3
DA:168,219263
DA:170,0
DA:172,219263
DA:174,14
DA:175,14
DA:176,14
DA:178,7
LF:67
LH:60
BRDA:46,0,0,0
BRDA:47,1,0,4
BRDA:60,2,0,0
BRDA:63,3,0,14
BRDA:63,3,1,1
BRDA:64,4,0,14
BRDA:67,5,0,4
BRDA:67,5,1,10
BRDA:67,6,0,4
BRDA:67,6,1,0
BRDA:68,7,0,3
BRDA:68,7,1,11
BRDA:86,8,0,5
BRDA:86,8,1,16
BRDA:95,9,0,5
BRDA:95,9,1,1
BRDA:104,10,0,219317
BRDA:104,10,1,219303
BRDA:104,10,2,219271
BRDA:104,10,3,219271
BRDA:104,10,4,109636
BRDA:114,11,0,24
BRDA:127,12,0,16
BRDA:127,13,0,24
BRDA:127,13,1,21
BRDA:137,14,0,0
BRDA:146,15,0,0
BRDA:146,15,1,0
BRDA:157,16,0,25
BRDA:158,17,0,21
BRDA:162,18,0,3
BRDA:168,19,0,0
BRF:32
BRH:25
end_of_record
TN:
SF:src\formatnumber.ts
FN:8,formatNumber
FNF:1
FNH:1
FNDA:9,formatNumber
DA:8,7
DA:9,9
DA:10,9
DA:11,0
DA:15,9
DA:16,1
DA:20,8
DA:22,1
DA:26,7
DA:28,2
DA:32,5
DA:34,1
DA:38,4
DA:40,1
DA:44,3
DA:46,2
DA:62,1
DA:67,7
LF:18
LH:17
BRDA:10,0,0,0
BRDA:10,0,1,9
BRDA:15,1,0,1
BRDA:15,1,1,8
BRDA:15,2,0,9
BRDA:15,2,1,9
BRDA:20,3,0,1
BRDA:20,3,1,7
BRDA:20,4,0,8
BRDA:20,4,1,8
BRDA:26,5,0,2
BRDA:26,5,1,5
BRDA:26,6,0,7
BRDA:26,6,1,7
BRDA:32,7,0,1
BRDA:32,7,1,4
BRDA:32,8,0,5
BRDA:32,8,1,5
BRDA:38,9,0,1
BRDA:38,9,1,3
BRDA:38,10,0,4
BRDA:38,10,1,4
BRDA:44,11,0,2
BRDA:44,11,1,1
BRDA:44,12,0,3
BRDA:44,12,1,3
BRF:26
BRH:25
end_of_record
TN:
SF:src\index.ts
FNF:0
FNH:0
DA:15,7
DA:16,7
DA:17,7
DA:18,7
DA:19,7
DA:20,7
DA:21,7
DA:22,7
DA:23,7
DA:24,7
LF:10
LH:10
BRF:0
BRH:0
end_of_record
TN:
SF:src\isCycleObject.ts
FN:6,isCycleObject
FN:11,(anonymous_3)
FNF:2
FNH:2
FNDA:7,isCycleObject
FNDA:12,(anonymous_3)
DA:6,7
DA:7,7
DA:8,7
DA:9,6
DA:10,6
DA:11,6
DA:12,12
DA:13,0
DA:16,6
DA:17,6
DA:18,6
DA:21,7
DA:23,7
LF:13
LH:12
BRDA:7,0,0,7
BRDA:7,0,1,1
BRDA:9,1,0,6
BRDA:12,2,0,0
BRDA:16,3,0,0
BRDA:18,4,0,0
BRF:6
BRH:3
end_of_record
TN:
SF:src\isObject.ts
FN:8,isObject
FNF:1
FNH:1
FNDA:14,isObject
DA:8,7
DA:9,14
DA:10,14
DA:12,7
LF:4
LH:4
BRDA:10,0,0,14
BRDA:10,0,1,14
BRDA:10,0,2,0
BRF:3
BRH:2
end_of_record
TN:
SF:src\main.ts
FN:5,main
FNF:1
FNH:1
FNDA:1,main
DA:5,1
DA:6,1
DA:9,1
LF:3
LH:3
BRF:0
BRH:0
end_of_record
TN:
SF:src\memo.ts
FN:5,(anonymous_0)
FN:6,(anonymous_1)
FNF:2
FNH:2
FNDA:1,(anonymous_0)
FNDA:2,(anonymous_1)
DA:5,7
DA:6,6
DA:7,2
DA:11,2
DA:12,2
DA:13,1
DA:15,2
DA:17,1
DA:18,1
DA:20,7
LF:10
LH:10
BRDA:11,0,0,0
BRDA:11,0,1,2
BRDA:12,1,0,1
BRF:3
BRH:2
end_of_record
TN:
SF:src\throttle.ts
FN:17,throttle
FNF:1
FNH:0
FNDA:0,throttle
DA:1,7
DA:2,7
DA:16,7
DA:17,7
DA:20,0
DA:22,0
DA:23,0
DA:25,0
DA:26,0
DA:28,0
DA:29,0
DA:30,0
DA:32,0
DA:38,7
LF:14
LH:5
BRDA:20,0,0,0
BRDA:25,1,0,0
BRDA:28,2,0,0
BRDA:29,3,0,0
BRDA:29,3,1,0
BRDA:30,4,0,0
BRDA:30,4,1,0
BRF:7
BRH:0
end_of_record
